Name                               Stmts   Miss  Cover   Missing
----------------------------------------------------------------
commands/__init__.py                   4      0   100%
commands/chuck_fml.py                 21      5    76%   19-21, 28-29
commands/commitstrip.py               23      2    91%   32-33
commands/context.py                   19     10    47%   28, 33-46
commands/decorators.py                14      1    93%   30
commands/general.py                   27      3    89%   10-11, 16
commands/giphy.py                     35      9    74%   25, 29-31, 35-36, 45, 53-54
commands/google.py                    16      4    75%   10-11, 22-23
commands/history.py                   34      5    85%   38, 52-56
commands/hue.py                       41     26    37%   17-24, 29-34, 37-52, 55-56, 59-62
commands/joiesducode_sysadmin.py      30      7    77%   15-18, 33-37
commands/learn.py                     19     11    42%   40-56
commands/madame_mademoiselle.py       20      4    80%   17-18, 27-28
commands/planification.py             33     23    30%   15-20, 24-32, 50-62
commands/proche.py                    45     11    76%   24, 27-30, 38-39, 49, 54-55, 59-60
commands/quizz.py                     63     45    29%   17-22, 25-34, 38-39, 43-44, 48-50, 54-78, 82-90
commands/reddit.py                    57     40    30%   16-18, 21-25, 28-32, 35-49, 53-54, 58, 62, 66, 70-83
commands/vdm.py                       14      8    43%   11-18, 22
commands/wikipedia.py                 26      4    85%   37-40
database.py                           12      3    75%   13-15
db_setup.py                            2      2     0%   1-2
mattermost_start.py                   45     45     0%   2-71
models/__init__.py                     0      0   100%
models/custom_type.py                 10      2    80%   10, 13
models/models.py                      50     14    72%   16-19, 30, 45-51, 61-63
settings/__init__.py                  33      0   100%
shared/__init__.py                    16     11    31%   5-10, 13-17, 20-21
telegram_start.py                     79     79     0%   2-142
test/__init__.py                       0      0   100%
test/test_blog.py                     24      1    96%   36
test/test_decorator.py                14      5    64%   9-13, 18, 22
test/test_general.py                  17      1    94%   25
test/test_gif.py                       9      1    89%   13
test/test_history.py                  23      3    87%   11-12, 32
test/test_libs.py                      7      1    86%   12
test/test_recherche.py                21      1    95%   30
tools/__init__.py                      0      0   100%
tools/extended_BaseHTTPServer.py      86     86     0%   1-110
tools/libs.py                         61     34    44%   10, 16, 22-25, 29, 36-51, 54-61, 64-71, 74, 77, 82
tools/rest.py                         55     17    69%   32-40, 48-50, 62-66, 71, 78
tools/text.py                         68     52    24%   25-27, 30-40, 43-95
----------------------------------------------------------------
TOTAL                               1173    576    51%
